<?xml version="1.0" encoding="UTF-8"?>
<testsuite xmlns:xsi="http://www.w3.org/2001/XMLSchema-instance" xsi:schemaLocation="https://maven.apache.org/surefire/maven-surefire-plugin/xsd/surefire-test-report.xsd" name="org.sonar.plugins.l10n.ChinesePackPluginTest" time="0.343" tests="2" errors="0" skipped="0" failures="0">
  <properties>
[...]
</properties>
  <testcase name="bundles_should_be_up_to_date" classname="org.sonar.plugins.l10n.ChinesePackPluginTest" time="0.231"/>
  <testcase name="should_not_have_extensions" classname="org.sonar.plugins.l10n.ChinesePackPluginTest" time="0.028"/>
</testsuite>